<?xml version="1.0" encoding="UTF-8"?>
<!-- Generated by org.testng.reporters.JUnitReportReporter -->
<testsuite skipped="0" hostname="NERO" name="com.automationPractice.AppTestRun" tests="1" failures="0" timestamp="09 oct 2019 02:33:33 GMT" time="4.364" errors="0">
  <testcase name="runScenario" time="4.364" classname="com.automationPractice.AppTestRun"/>
</testsuite> <!-- com.automationPractice.AppTestRun -->
